c:\users\daivies\onedrive\castlevania\castlevania\debug\vc140.pdb
c:\users\daivies\onedrive\castlevania\castlevania\debug\vc140.idb
c:\users\daivies\onedrive\castlevania\castlevania\debug\camera.obj
c:\users\daivies\onedrive\castlevania\castlevania\debug\collision.obj
c:\users\daivies\onedrive\castlevania\castlevania\debug\dxmanager.obj
c:\users\daivies\onedrive\castlevania\castlevania\debug\gametime.obj
c:\users\daivies\onedrive\castlevania\castlevania\debug\ground.obj
c:\users\daivies\onedrive\castlevania\castlevania\debug\keyboard.obj
c:\users\daivies\onedrive\castlevania\castlevania\debug\movableobject.obj
c:\users\daivies\onedrive\castlevania\castlevania\debug\point.obj
c:\users\daivies\onedrive\castlevania\castlevania\debug\rect.obj
c:\users\daivies\onedrive\castlevania\castlevania\debug\sprite.obj
c:\users\daivies\onedrive\castlevania\castlevania\debug\spritemanager.obj
c:\users\daivies\onedrive\castlevania\castlevania\debug\staticobject.obj
c:\users\daivies\onedrive\castlevania\castlevania\debug\subweapon.obj
c:\users\daivies\onedrive\castlevania\castlevania\debug\animation.obj
c:\users\daivies\onedrive\castlevania\castlevania\debug\baseobject.obj
c:\users\daivies\onedrive\castlevania\castlevania\debug\castlevania.obj
c:\users\daivies\onedrive\castlevania\castlevania\debug\map.obj
c:\users\daivies\onedrive\castlevania\castlevania\debug\simoncharacter.obj
c:\users\daivies\onedrive\castlevania\castlevania\debug\whip.obj
c:\users\daivies\onedrive\castlevania\castlevania\debug\quadnode.obj
c:\users\daivies\onedrive\castlevania\castlevania\debug\quadtree.obj
c:\users\daivies\onedrive\castlevania\castlevania\debug\main.obj
c:\users\daivies\onedrive\castlevania\castlevania\debug\menu.obj
c:\users\daivies\onedrive\castlevania\castlevania\debug\menucastle.obj
c:\users\daivies\onedrive\castlevania\castlevania\debug\stair.obj
c:\users\daivies\onedrive\_nhập môn game\castlevania(20-12)\castlevania\castlevania\debug\vc140.pdb
c:\users\daivies\onedrive\_nhập môn game\castlevania(20-12)\castlevania\castlevania\debug\vc140.idb
c:\users\daivies\onedrive\_nhập môn game\castlevania(20-12)\castlevania\castlevania\debug\dxmanager.obj
c:\users\daivies\onedrive\_nhập môn game\castlevania(20-12)\castlevania\castlevania\debug\gametime.obj
c:\users\daivies\onedrive\_nhập môn game\castlevania(20-12)\castlevania\castlevania\debug\ground.obj
c:\users\daivies\onedrive\_nhập môn game\castlevania(20-12)\castlevania\castlevania\debug\keyboard.obj
c:\users\daivies\onedrive\_nhập môn game\castlevania(20-12)\castlevania\castlevania\debug\main.obj
c:\users\daivies\onedrive\_nhập môn game\castlevania(20-12)\castlevania\castlevania\debug\map.obj
c:\users\daivies\onedrive\_nhập môn game\castlevania(20-12)\castlevania\castlevania\debug\menu.obj
c:\users\daivies\onedrive\_nhập môn game\castlevania(20-12)\castlevania\castlevania\debug\menucastle.obj
c:\users\daivies\onedrive\_nhập môn game\castlevania(20-12)\castlevania\castlevania\debug\movableobject.obj
c:\users\daivies\onedrive\_nhập môn game\castlevania(20-12)\castlevania\castlevania\debug\point.obj
c:\users\daivies\onedrive\_nhập môn game\castlevania(20-12)\castlevania\castlevania\debug\quadnode.obj
c:\users\daivies\onedrive\_nhập môn game\castlevania(20-12)\castlevania\castlevania\debug\quadtree.obj
c:\users\daivies\onedrive\_nhập môn game\castlevania(20-12)\castlevania\castlevania\debug\rect.obj
c:\users\daivies\onedrive\_nhập môn game\castlevania(20-12)\castlevania\castlevania\debug\simoncharacter.obj
c:\users\daivies\onedrive\_nhập môn game\castlevania(20-12)\castlevania\castlevania\debug\sprite.obj
c:\users\daivies\onedrive\_nhập môn game\castlevania(20-12)\castlevania\castlevania\debug\spritemanager.obj
c:\users\daivies\onedrive\_nhập môn game\castlevania(20-12)\castlevania\castlevania\debug\stair.obj
c:\users\daivies\onedrive\_nhập môn game\castlevania(20-12)\castlevania\castlevania\debug\staticobject.obj
c:\users\daivies\onedrive\_nhập môn game\castlevania(20-12)\castlevania\castlevania\debug\subweapon.obj
c:\users\daivies\onedrive\_nhập môn game\castlevania(20-12)\castlevania\castlevania\debug\whip.obj
c:\users\daivies\onedrive\_nhập môn game\castlevania(20-12)\castlevania\castlevania\debug\animation.obj
c:\users\daivies\onedrive\_nhập môn game\castlevania(20-12)\castlevania\castlevania\debug\baseobject.obj
c:\users\daivies\onedrive\_nhập môn game\castlevania(20-12)\castlevania\castlevania\debug\camera.obj
c:\users\daivies\onedrive\_nhập môn game\castlevania(20-12)\castlevania\castlevania\debug\castlevania.obj
c:\users\daivies\onedrive\_nhập môn game\castlevania(20-12)\castlevania\castlevania\debug\collision.obj
c:\users\daivies\onedrive\_nhập môn game\castlevania(20-12)\castlevania\castlevania\debug\enemy.obj
c:\users\daivies\onedrive\castlevania\debug\castlevania.ilk
c:\users\daivies\onedrive\castlevania\debug\castlevania.exe
c:\users\daivies\onedrive\castlevania\debug\castlevania.pdb
c:\users\daivies\onedrive\_nhập môn game\castlevania(20-12)\castlevania\debug\castlevania.ilk
c:\users\daivies\onedrive\_nhập môn game\castlevania(20-12)\castlevania\debug\castlevania.exe
c:\users\daivies\onedrive\_nhập môn game\castlevania(20-12)\castlevania\debug\castlevania.pdb
c:\users\daivies\onedrive\_nhập môn game\castlevania(20-12)\castlevania\castlevania\debug\castlevania.obj.enc
c:\users\daivies\onedrive\_nhập môn game\castlevania(20-12)\castlevania\castlevania\debug\main.obj.enc
c:\users\daivies\onedrive\_nhập môn game\castlevania(20-12)\castlevania\castlevania\debug\map.obj.enc
c:\users\daivies\onedrive\_nhập môn game\castlevania(20-12)\castlevania\castlevania\debug\quadnode.obj.enc
c:\users\daivies\onedrive\_nhập môn game\castlevania(20-12)\castlevania\castlevania\debug\quadtree.obj.enc
c:\users\daivies\onedrive\_nhập môn game\castlevania(20-12)\castlevania\castlevania\debug\simoncharacter.obj.enc
c:\users\daivies\onedrive\_nhập môn game\castlevania(20-12)\castlevania\castlevania\debug\subweapon.obj.enc
c:\users\daivies\onedrive\_nhập môn game\castlevania(20-12)\castlevania\castlevania\debug\whip.obj.enc
c:\users\daivies\onedrive\_nhập môn game\castlevania(20-12)\castlevania\castlevania\debug\castlevania.tlog\cl.command.1.tlog
c:\users\daivies\onedrive\_nhập môn game\castlevania(20-12)\castlevania\castlevania\debug\castlevania.tlog\cl.read.1.tlog
c:\users\daivies\onedrive\_nhập môn game\castlevania(20-12)\castlevania\castlevania\debug\castlevania.tlog\cl.write.1.tlog
c:\users\daivies\onedrive\_nhập môn game\castlevania(20-12)\castlevania\castlevania\debug\castlevania.tlog\link.command.1.tlog
c:\users\daivies\onedrive\_nhập môn game\castlevania(20-12)\castlevania\castlevania\debug\castlevania.tlog\link.read.1.tlog
c:\users\daivies\onedrive\_nhập môn game\castlevania(20-12)\castlevania\castlevania\debug\castlevania.tlog\link.write.1.tlog
