c:\users\daivies\desktop\castlevania\castlevania\castlevania\x64\debug\vc140.pdb
c:\users\daivies\desktop\castlevania\castlevania\castlevania\x64\debug\vc140.idb
c:\users\daivies\desktop\castlevania\castlevania\castlevania\x64\debug\multipleshotbar.obj
c:\users\daivies\desktop\castlevania\castlevania\castlevania\x64\debug\number.obj
c:\users\daivies\desktop\castlevania\castlevania\castlevania\x64\debug\numberchar.obj
c:\users\daivies\desktop\castlevania\castlevania\castlevania\x64\debug\paddle.obj
c:\users\daivies\desktop\castlevania\castlevania\castlevania\x64\debug\point.obj
c:\users\daivies\desktop\castlevania\castlevania\castlevania\x64\debug\quadnode.obj
c:\users\daivies\desktop\castlevania\castlevania\castlevania\x64\debug\quadtree.obj
c:\users\daivies\desktop\castlevania\castlevania\castlevania\x64\debug\rect.obj
c:\users\daivies\desktop\castlevania\castlevania\castlevania\x64\debug\simoncharacter.obj
c:\users\daivies\desktop\castlevania\castlevania\castlevania\x64\debug\simonhealthbar.obj
c:\users\daivies\desktop\castlevania\castlevania\castlevania\x64\debug\snake.obj
c:\users\daivies\desktop\castlevania\castlevania\castlevania\x64\debug\soundresources.obj
c:\users\daivies\desktop\castlevania\castlevania\castlevania\x64\debug\spearguard.obj
c:\users\daivies\desktop\castlevania\castlevania\castlevania\x64\debug\sprite.obj
c:\users\daivies\desktop\castlevania\castlevania\castlevania\x64\debug\spritemanager.obj
c:\users\daivies\desktop\castlevania\castlevania\castlevania\x64\debug\stair.obj
c:\users\daivies\desktop\castlevania\castlevania\castlevania\x64\debug\staticobject.obj
c:\users\daivies\desktop\castlevania\castlevania\castlevania\x64\debug\subweapon.obj
c:\users\daivies\desktop\castlevania\castlevania\castlevania\x64\debug\subweaponbar.obj
c:\users\daivies\desktop\castlevania\castlevania\castlevania\x64\debug\whip.obj
c:\users\daivies\desktop\castlevania\castlevania\castlevania\x64\debug\camera.obj
c:\users\daivies\desktop\castlevania\castlevania\castlevania\x64\debug\castlevania.obj
c:\users\daivies\desktop\castlevania\castlevania\castlevania\x64\debug\collision.obj
c:\users\daivies\desktop\castlevania\castlevania\castlevania\x64\debug\door.obj
c:\users\daivies\desktop\castlevania\castlevania\castlevania\x64\debug\dxaudio.obj
c:\users\daivies\desktop\castlevania\castlevania\castlevania\x64\debug\dxmanager.obj
c:\users\daivies\desktop\castlevania\castlevania\castlevania\x64\debug\enemy.obj
c:\users\daivies\desktop\castlevania\castlevania\castlevania\x64\debug\gametime.obj
c:\users\daivies\desktop\castlevania\castlevania\castlevania\x64\debug\ghost.obj
c:\users\daivies\desktop\castlevania\castlevania\castlevania\x64\debug\ground.obj
c:\users\daivies\desktop\castlevania\castlevania\castlevania\x64\debug\introbat.obj
c:\users\daivies\desktop\castlevania\castlevania\castlevania\x64\debug\introhelicopter.obj
c:\users\daivies\desktop\castlevania\castlevania\castlevania\x64\debug\itemobject.obj
c:\users\daivies\desktop\castlevania\castlevania\castlevania\x64\debug\keyboard.obj
c:\users\daivies\desktop\castlevania\castlevania\castlevania\x64\debug\main.obj
c:\users\daivies\desktop\castlevania\castlevania\castlevania\x64\debug\map.obj
c:\users\daivies\desktop\castlevania\castlevania\castlevania\x64\debug\medusahead.obj
c:\users\daivies\desktop\castlevania\castlevania\castlevania\x64\debug\menu.obj
c:\users\daivies\desktop\castlevania\castlevania\castlevania\x64\debug\menucastle.obj
c:\users\daivies\desktop\castlevania\castlevania\castlevania\x64\debug\movableobject.obj
c:\users\daivies\desktop\castlevania\castlevania\castlevania\x64\debug\animation.obj
c:\users\daivies\desktop\castlevania\castlevania\castlevania\x64\debug\baseobject.obj
c:\users\daivies\desktop\castlevania\castlevania\castlevania\x64\debug\bat.obj
c:\users\daivies\desktop\castlevania\castlevania\castlevania\x64\debug\board.obj
c:\users\daivies\desktop\castlevania\castlevania\castlevania\x64\debug\bonepillar.obj
c:\users\daivies\desktop\castlevania\castlevania\castlevania\x64\debug\bosshealthbar.obj
c:\users\daivies\desktop\castlevania\castlevania\castlevania\x64\debug\bossmedusa.obj
c:\users\daivies\desktop\castlevania\castlevania\castlevania\x64\debug\brick.obj
c:\users\daivies\desktop\castlevania\castlevania\castlevania\x64\debug\bullet.obj
c:\users\daivies\desktop\castlevania\castlevania\x64\debug\castlevania.ilk
c:\users\daivies\desktop\castlevania\castlevania\x64\debug\castlevania.exe
c:\users\daivies\desktop\castlevania\castlevania\x64\debug\castlevania.pdb
c:\users\daivies\desktop\castlevania\castlevania\castlevania\x64\debug\castlevania.tlog\cl.command.1.tlog
c:\users\daivies\desktop\castlevania\castlevania\castlevania\x64\debug\castlevania.tlog\cl.read.1.tlog
c:\users\daivies\desktop\castlevania\castlevania\castlevania\x64\debug\castlevania.tlog\cl.write.1.tlog
c:\users\daivies\desktop\castlevania\castlevania\castlevania\x64\debug\castlevania.tlog\link.command.1.tlog
c:\users\daivies\desktop\castlevania\castlevania\castlevania\x64\debug\castlevania.tlog\link.read.1.tlog
c:\users\daivies\desktop\castlevania\castlevania\castlevania\x64\debug\castlevania.tlog\link.write.1.tlog
